  NBody.c
C:\Users\Tuski\Desktop\com4521_assignment-master\NBody\NBody.c(24,30): warning C4305: 'initializing': truncation from 'double' to 'const float'
C:\Users\Tuski\Desktop\com4521_assignment-master\NBody\NBody.c(68,32): warning C4244: '=': conversion from 'double' to 'float', possible loss of data
C:\Users\Tuski\Desktop\com4521_assignment-master\NBody\NBody.c(69,65): warning C4244: '=': conversion from 'double' to 'float', possible loss of data
C:\Users\Tuski\Desktop\com4521_assignment-master\NBody\NBody.c(72,32): warning C4244: '=': conversion from 'double' to 'float', possible loss of data
C:\Users\Tuski\Desktop\com4521_assignment-master\NBody\NBody.c(73,65): warning C4244: '=': conversion from 'double' to 'float', possible loss of data
C:\Users\Tuski\Desktop\com4521_assignment-master\NBody\NBody.c(76,33): warning C4244: '=': conversion from 'double' to 'float', possible loss of data
C:\Users\Tuski\Desktop\com4521_assignment-master\NBody\NBody.c(80,33): warning C4244: '=': conversion from 'double' to 'float', possible loss of data
C:\Users\Tuski\Desktop\com4521_assignment-master\NBody\NBody.c(84,32): warning C4244: '=': conversion from 'double' to 'float', possible loss of data
C:\Users\Tuski\Desktop\com4521_assignment-master\NBody\NBody.c(85,56): warning C4244: '=': conversion from 'double' to 'float', possible loss of data
C:\Users\Tuski\Desktop\com4521_assignment-master\NBody\NBody.c(110,15): warning C4013: 'destroyViewer' undefined; assuming extern returning int
C:\Users\Tuski\Desktop\com4521_assignment-master\NBody\NBody.c(43,1): warning C4996: 'fopen': This function or variable may be unsafe. Consider using fopen_s instead. To disable deprecation, use _CRT_SECURE_NO_WARNINGS. See online help for details.
C:\Program Files (x86)\Windows Kits\10\Include\10.0.18362.0\ucrt\stdio.h(208): message : see declaration of 'fopen'
C:\Users\Tuski\Desktop\com4521_assignment-master\NBody\NBody.c(62,1): warning C4996: 'strtok': This function or variable may be unsafe. Consider using strtok_s instead. To disable deprecation, use _CRT_SECURE_NO_WARNINGS. See online help for details.
C:\Program Files (x86)\Windows Kits\10\Include\10.0.18362.0\ucrt\string.h(440): message : see declaration of 'strtok'
C:\Users\Tuski\Desktop\com4521_assignment-master\NBody\NBody.c(89,1): warning C4996: 'strtok': This function or variable may be unsafe. Consider using strtok_s instead. To disable deprecation, use _CRT_SECURE_NO_WARNINGS. See online help for details.
C:\Program Files (x86)\Windows Kits\10\Include\10.0.18362.0\ucrt\string.h(440): message : see declaration of 'strtok'
C:\Users\Tuski\Desktop\com4521_assignment-master\NBody\NBody.c(145,45): warning C4244: '=': conversion from 'double' to 'float', possible loss of data
C:\Users\Tuski\Desktop\com4521_assignment-master\NBody\NBody.c(146,45): warning C4244: '=': conversion from 'double' to 'float', possible loss of data
C:\Users\Tuski\Desktop\com4521_assignment-master\NBody\NBody.c(147,109): warning C4244: '+=': conversion from 'double' to 'float', possible loss of data
C:\Users\Tuski\Desktop\com4521_assignment-master\NBody\NBody.c(148,109): warning C4244: '+=': conversion from 'double' to 'float', possible loss of data
  NBody.vcxproj -> C:\Users\Tuski\Desktop\com4521_assignment-master\Debug\NBody.exe
